生成启动时间为 2017/11/16 20:59:09。
     1>项目“C:\Users\Administrator\Desktop\HW2\HW010\HW010\HW010.vcxproj”在节点 2 上(build 个目标)。
     1>PrepareForBuild:
         正在创建目录“C:\Users\Administrator\Desktop\HW2\HW010\Debug\”。
       InitializeBuildStatus:
         正在创建“Debug\HW010.unsuccessfulbuild”，因为已指定“AlwaysCreate”。
       ClCompile:
         所有输出均为最新。
       ManifestResourceCompile:
         所有输出均为最新。
       Link:
         y:\Program Files\Microsoft Visual Studio 10.0\VC\bin\link.exe /ERRORREPORT:PROMPT /OUT:"C:\Users\Administrator\Desktop\HW2\HW010\Debug\HW010.exe" /INCREMENTAL /NOLOGO kernel32.lib user32.lib gdi32.lib winspool.lib comdlg32.lib advapi32.lib shell32.lib ole32.lib oleaut32.lib uuid.lib odbc32.lib odbccp32.lib /MANIFEST /ManifestFile:"Debug\HW010.exe.intermediate.manifest" /MANIFESTUAC:"level='asInvoker' uiAccess='false'" /DEBUG /PDB:"C:\Users\Administrator\Desktop\HW2\HW010\Debug\HW010.pdb" /SUBSYSTEM:WINDOWS /TLBID:1 /DYNAMICBASE /NXCOMPAT /IMPLIB:"C:\Users\Administrator\Desktop\HW2\HW010\Debug\HW010.lib" /MACHINE:X86 Debug\HW010.exe.embed.manifest.res
         Debug\HW010.obj
       Manifest:
         C:\Program Files (x86)\Microsoft SDKs\Windows\v7.0A\bin\mt.exe /nologo /verbose /out:"Debug\HW010.exe.embed.manifest" /manifest Debug\HW010.exe.intermediate.manifest
         所有输出均为最新。
       LinkEmbedManifest:
         所有输出均为最新。
         HW010.vcxproj -> C:\Users\Administrator\Desktop\HW2\HW010\Debug\HW010.exe
       FinalizeBuildStatus:
         正在删除文件“Debug\HW010.unsuccessfulbuild”。
         正在对“Debug\HW010.lastbuildstate”执行 Touch 任务。
     1>已完成生成项目“C:\Users\Administrator\Desktop\HW2\HW010\HW010\HW010.vcxproj”(build 个目标)的操作。

生成成功。

已用时间 00:00:00.69
